Start testing: Feb 22 09:48 Pacific Standard Time
----------------------------------------------------------
1/2 Testing: GlobalStaticLogging
1/2 Test: GlobalStaticLogging
Command: "C:/dev/MirrorLog/build/tests/Debug/globalstaticlogging_tests.exe"
Directory: C:/dev/MirrorLog/build/tests
"GlobalStaticLogging" start time: Feb 22 09:48 Pacific Standard Time
Output:
----------------------------------------------------------
_Logger is null
Test: LogX_NullLogger --- PASS
Test: LogInfo --- PASS
Test: LogWarning --- PASS
Test: LogError --- PASS
Test: LogDebug --- PASS
Test: UnsetGlobalLogger --- PASS

ALL Tests Passed!
<end of output>
Test time =   0.02 sec
----------------------------------------------------------
Test Passed.
"GlobalStaticLogging" end time: Feb 22 09:48 Pacific Standard Time
"GlobalStaticLogging" time elapsed: 00:00:00
----------------------------------------------------------

2/2 Testing: ConsoleLogger
2/2 Test: ConsoleLogger
Command: "C:/dev/MirrorLog/build/tests/Debug/consolelogger_tests.exe"
Directory: C:/dev/MirrorLog/build/tests
"ConsoleLogger" start time: Feb 22 09:48 Pacific Standard Time
Output:
----------------------------------------------------------
Test: Default Constructor --- PASS
Test: Explicit Constructor --- PASS
Test: Default Buf --- PASS
Test: Custom Buf --- PASS

ALL Tests Passed!
<end of output>
Test time =   0.02 sec
----------------------------------------------------------
Test Passed.
"ConsoleLogger" end time: Feb 22 09:48 Pacific Standard Time
"ConsoleLogger" time elapsed: 00:00:00
----------------------------------------------------------

End testing: Feb 22 09:48 Pacific Standard Time
